<?xml version="1.0" encoding="UTF-8"?>
<testsuite xmlns:xsi="http://www.w3.org/2001/XMLSchema-instance" xsi:noNamespaceSchemaLocation="https://maven.apache.org/surefire/maven-surefire-plugin/xsd/surefire-test-report.xsd" name="com.alten.selenium1.RunTest" time="31.586" tests="8" errors="0" skipped="0" failures="1">
  <properties>
[...]
</properties>
  <testcase name="checkBoxesTest" classname="com.alten.selenium1.RunTest" time="2.804"/>
  <testcase name="disappearingElementsTest" classname="com.alten.selenium1.RunTest" time="5.639"/>
  <testcase name="multipleWindowsTest" classname="com.alten.selenium1.RunTest" time="2.623"/>
  <testcase name="horizontalSliderTest" classname="com.alten.selenium1.RunTest" time="2.852"/>
  <testcase name="javaScriptsAlertsTest" classname="com.alten.selenium1.RunTest" time="2.483"/>
  <testcase name="challengingDOMTest" classname="com.alten.selenium1.RunTest" time="2.931"/>
  <testcase name="dynamicContentTest" classname="com.alten.selenium1.RunTest" time="2.725">
    <failure message="expected: &lt;true&gt; but was: &lt;false&gt;" type="org.opentest4j.AssertionFailedError"><![CDATA[org.opentest4j.AssertionFailedError: expected: <true> but was: <false>
	at com.alten.selenium1.RunTest.dynamicContentTest(RunTest.java:80)
]]></failure>
    <system-out><![CDATA[[http://the-internet.herokuapp.com/img/avatars/Original-Facebook-Geek-Profile-Avatar-5.jpg, http://the-internet.herokuapp.com/img/avatars/Original-Facebook-Geek-Profile-Avatar-3.jpg, http://the-internet.herokuapp.com/img/avatars/Original-Facebook-Geek-Profile-Avatar-3.jpg]
]]></system-out>
    <system-err><![CDATA[Starting ChromeDriver 94.0.4606.61 (418b78f5838ed0b1c69bb4e51ea0252171854915-refs/branch-heads/4606@{#1204}) on port 30046
Only local connections are allowed.
Please see https://chromedriver.chromium.org/security-considerations for suggestions on keeping ChromeDriver safe.
ChromeDriver was started successfully.
oct 19, 2021 6:08:39 P. M. org.openqa.selenium.remote.ProtocolHandshake createSession
INFO: Detected dialect: W3C
]]></system-err>
  </testcase>
  <testcase name="dynamicControlsTest" classname="com.alten.selenium1.RunTest" time="8.761"/>
</testsuite>